<?xml version="1.0" encoding="UTF-8"?>
<!-- Generated by org.testng.reporters.JUnitXMLReporter -->
<testsuite hostname="DESKTOP-C01PVB3" ignored="23" name="Default test" tests="1" failures="0" timestamp="28 Apr 2020 04:57:46 GMT" time="65.521" errors="0">
  <testcase name="verify_Create_audit_and_upload_image_to_audit_Test" time="18.342" classname="com.testcases.BuildAuditPageTest"/>
  <testcase name="verify_Audit_search_option_Test" time="0.0" classname="com.testcases.BuildAuditPageTest">
    <ignored/>
  </testcase> <!-- verify_Audit_search_option_Test -->
  <testcase name="verify_Open_and_close_field_panel_and_Delete_created_field_Test" time="0.0" classname="com.testcases.BuildAuditPageTest">
    <ignored/>
  </testcase> <!-- verify_Open_and_close_field_panel_and_Delete_created_field_Test -->
  <testcase name="verify_Audit_Build_Edit_user_permissions_Test" time="0.0" classname="com.testcases.BuildAuditPageTest">
    <ignored/>
  </testcase> <!-- verify_Audit_Build_Edit_user_permissions_Test -->
  <testcase name="verify_Audit_Capture_Do_user_permissions_Test" time="0.0" classname="com.testcases.BuildAuditPageTest">
    <ignored/>
  </testcase> <!-- verify_Audit_Capture_Do_user_permissions_Test -->
  <testcase name="verify_Audit_Capture_View_user_permissions_Test" time="0.0" classname="com.testcases.BuildAuditPageTest">
    <ignored/>
  </testcase> <!-- verify_Audit_Capture_View_user_permissions_Test -->
  <testcase name="verify_Analyse_Edit_user_permissions_Test" time="0.0" classname="com.testcases.BuildAuditPageTest">
    <ignored/>
  </testcase> <!-- verify_Analyse_Edit_user_permissions_Test -->
  <testcase name="verify_Analyse_Do_user_permissions_Test" time="0.0" classname="com.testcases.BuildAuditPageTest">
    <ignored/>
  </testcase> <!-- verify_Analyse_Do_user_permissions_Test -->
  <testcase name="verify_Audit_Build_View_user_permissions_Test" time="0.0" classname="com.testcases.BuildAuditPageTest">
    <ignored/>
  </testcase> <!-- verify_Audit_Build_View_user_permissions_Test -->
  <testcase name="verify_Audit_Capture_Owner_user_permissions_Test" time="0.0" classname="com.testcases.BuildAuditPageTest">
    <ignored/>
  </testcase> <!-- verify_Audit_Capture_Owner_user_permissions_Test -->
  <testcase name="verify_Audit_Build_Owner_user_permissions_Test" time="0.0" classname="com.testcases.BuildAuditPageTest">
    <ignored/>
  </testcase> <!-- verify_Audit_Build_Owner_user_permissions_Test -->
  <testcase name="verify_Show_audit_log_and_Trash_can_action_options_Test" time="0.0" classname="com.testcases.BuildAuditPageTest">
    <ignored/>
  </testcase> <!-- verify_Show_audit_log_and_Trash_can_action_options_Test -->
  <testcase name="verify_Add_Schedules_and_delete_schedule_against_the_audit_Test" time="0.0" classname="com.testcases.BuildAuditPageTest">
    <ignored/>
  </testcase> <!-- verify_Add_Schedules_and_delete_schedule_against_the_audit_Test -->
  <testcase name="verify_Description_field_error_message_Test" time="0.0" classname="com.testcases.BuildAuditPageTest">
    <ignored/>
  </testcase> <!-- verify_Description_field_error_message_Test -->
  <testcase name="verify_AuditsTab_Test" time="0.0" classname="com.testcases.BuildAuditPageTest">
    <ignored/>
  </testcase> <!-- verify_AuditsTab_Test -->
  <testcase name="verify_Error_message_for_invalid_search_Test" time="0.0" classname="com.testcases.BuildAuditPageTest">
    <ignored/>
  </testcase> <!-- verify_Error_message_for_invalid_search_Test -->
  <testcase name="verify_Delete_audit_Test" time="0.0" classname="com.testcases.BuildAuditPageTest">
    <ignored/>
  </testcase> <!-- verify_Delete_audit_Test -->
  <testcase name="verify_Add_people_and_company_and_Delete_added_people_and_company_against_the_audit_Test" time="0.0" classname="com.testcases.BuildAuditPageTest">
    <ignored/>
  </testcase> <!-- verify_Add_people_and_company_and_Delete_added_people_and_company_against_the_audit_Test -->
  <testcase name="verify_Add_dataset_to_audit_Test" time="0.0" classname="com.testcases.BuildAuditPageTest">
    <ignored/>
  </testcase> <!-- verify_Add_dataset_to_audit_Test -->
  <testcase name="verify_Download_and_Upload_questions_template_Test" time="0.0" classname="com.testcases.BuildAuditPageTest">
    <ignored/>
  </testcase> <!-- verify_Download_and_Upload_questions_template_Test -->
  <testcase name="verify_Audit_Capture_Edit_user_permissions_Test" time="0.0" classname="com.testcases.BuildAuditPageTest">
    <ignored/>
  </testcase> <!-- verify_Audit_Capture_Edit_user_permissions_Test -->
  <testcase name="verify_Analyse_Owner_user_permissions_Test" time="0.0" classname="com.testcases.BuildAuditPageTest">
    <ignored/>
  </testcase> <!-- verify_Analyse_Owner_user_permissions_Test -->
  <testcase name="verify_Audit_Build_Do_user_permissions_Test" time="0.0" classname="com.testcases.BuildAuditPageTest">
    <ignored/>
  </testcase> <!-- verify_Audit_Build_Do_user_permissions_Test -->
  <testcase name="verify_Analyse_View_user_permissions_Test" time="0.0" classname="com.testcases.BuildAuditPageTest">
    <ignored/>
  </testcase> <!-- verify_Analyse_View_user_permissions_Test -->
</testsuite> <!-- Default test -->
